<?xml version="1.0" encoding="UTF-8"?>
<testng-results ignored="0" total="3" passed="3" failed="0" skipped="0">
  <reporter-output>
  </reporter-output>
  <suite started-at="2020-05-12T16:03:56Z" name="Suite" finished-at="2020-05-12T16:04:18Z" duration-ms="21588">
    <groups>
    </groups>
    <test started-at="2020-05-12T16:03:56Z" name="CashifyLoginTest" finished-at="2020-05-12T16:04:18Z" duration-ms="21588">
      <class name="saurabh.CashifyTest.LoginPageTest">
        <test-method is-config="true" signature="beforeSuite()[pri:0, instance:saurabh.CashifyTest.LoginPageTest@3cc2931c]" started-at="2020-05-12T16:03:52Z" name="beforeSuite" finished-at="2020-05-12T16:03:56Z" duration-ms="3988" status="PASS">
          <reporter-output>
          </reporter-output>
        </test-method> <!-- beforeSuite -->
        <test-method is-config="true" signature="beforeTest()[pri:0, instance:saurabh.CashifyTest.LoginPageTest@3cc2931c]" started-at="2020-05-12T16:03:56Z" name="beforeTest" finished-at="2020-05-12T16:03:56Z" duration-ms="1" status="PASS">
          <reporter-output>
          </reporter-output>
        </test-method> <!-- beforeTest -->
        <test-method is-config="true" signature="beforeClass()[pri:0, instance:saurabh.CashifyTest.LoginPageTest@3cc2931c]" started-at="2020-05-12T16:03:56Z" name="beforeClass" finished-at="2020-05-12T16:03:56Z" duration-ms="0" status="PASS">
          <reporter-output>
          </reporter-output>
        </test-method> <!-- beforeClass -->
        <test-method is-config="true" signature="beforeMethod()[pri:0, instance:saurabh.CashifyTest.LoginPageTest@3cc2931c]" started-at="2020-05-12T16:03:56Z" name="beforeMethod" finished-at="2020-05-12T16:03:56Z" duration-ms="0" status="PASS">
          <reporter-output>
          </reporter-output>
        </test-method> <!-- beforeMethod -->
        <test-method signature="logingIntoApp(java.lang.String, java.lang.String, java.lang.String)[pri:0, instance:saurabh.CashifyTest.LoginPageTest@3cc2931c]" started-at="2020-05-12T16:03:56Z" name="logingIntoApp" finished-at="2020-05-12T16:04:13Z" duration-ms="17156" status="PASS">
          <params>
            <param index="0">
              <value>
                <![CDATA[testUserABMAdmin123@getnada.com]]>
              </value>
            </param>
            <param index="1">
              <value>
                <![CDATA[Test@123]]>
              </value>
            </param>
            <param index="2">
              <value>
                <![CDATA[Welcome to the]]>
              </value>
            </param>
          </params>
          <reporter-output>
          </reporter-output>
        </test-method> <!-- logingIntoApp -->
        <test-method is-config="true" signature="afterMethod()[pri:0, instance:saurabh.CashifyTest.LoginPageTest@3cc2931c]" started-at="2020-05-12T16:04:13Z" name="afterMethod" finished-at="2020-05-12T16:04:13Z" duration-ms="0" status="PASS">
          <reporter-output>
          </reporter-output>
        </test-method> <!-- afterMethod -->
        <test-method is-config="true" signature="beforeMethod()[pri:0, instance:saurabh.CashifyTest.LoginPageTest@3cc2931c]" started-at="2020-05-12T16:04:13Z" name="beforeMethod" finished-at="2020-05-12T16:04:13Z" duration-ms="0" status="PASS">
          <reporter-output>
          </reporter-output>
        </test-method> <!-- beforeMethod -->
        <test-method signature="DashboardClickItems()[pri:6, instance:saurabh.CashifyTest.LoginPageTest@3cc2931c]" started-at="2020-05-12T16:04:13Z" name="DashboardClickItems" finished-at="2020-05-12T16:04:18Z" depends-on-methods="saurabh.CashifyTest.LoginPageTest.logingIntoApp" duration-ms="4396" status="PASS">
          <reporter-output>
          </reporter-output>
        </test-method> <!-- DashboardClickItems -->
        <test-method is-config="true" signature="afterMethod()[pri:0, instance:saurabh.CashifyTest.LoginPageTest@3cc2931c]" started-at="2020-05-12T16:04:18Z" name="afterMethod" finished-at="2020-05-12T16:04:18Z" duration-ms="0" status="PASS">
          <reporter-output>
          </reporter-output>
        </test-method> <!-- afterMethod -->
        <test-method signature="CloseTheApp()[pri:2, instance:saurabh.CashifyTest.LoginPageTest@3cc2931c]" started-at="2020-05-12T16:04:18Z" name="CloseTheApp" finished-at="2020-05-12T16:04:18Z" depends-on-methods="saurabh.CashifyTest.LoginPageTest.logingIntoApp, saurabh.CashifyTest.LoginPageTest.DashboardClickItems" duration-ms="1" status="PASS">
          <reporter-output>
          </reporter-output>
        </test-method> <!-- CloseTheApp -->
        <test-method is-config="true" signature="beforeMethod()[pri:0, instance:saurabh.CashifyTest.LoginPageTest@3cc2931c]" started-at="2020-05-12T16:04:18Z" name="beforeMethod" finished-at="2020-05-12T16:04:18Z" duration-ms="0" status="PASS">
          <reporter-output>
          </reporter-output>
        </test-method> <!-- beforeMethod -->
        <test-method is-config="true" signature="cleanUp()[pri:0, instance:saurabh.CashifyTest.LoginPageTest@3cc2931c]" started-at="2020-05-12T16:04:18Z" name="cleanUp" finished-at="2020-05-12T16:04:18Z" duration-ms="1" status="PASS">
          <reporter-output>
          </reporter-output>
        </test-method> <!-- cleanUp -->
        <test-method is-config="true" signature="afterMethod()[pri:0, instance:saurabh.CashifyTest.LoginPageTest@3cc2931c]" started-at="2020-05-12T16:04:18Z" name="afterMethod" finished-at="2020-05-12T16:04:18Z" duration-ms="0" status="PASS">
          <reporter-output>
          </reporter-output>
        </test-method> <!-- afterMethod -->
        <test-method is-config="true" signature="afterTest()[pri:0, instance:saurabh.CashifyTest.LoginPageTest@3cc2931c]" started-at="2020-05-12T16:04:18Z" name="afterTest" finished-at="2020-05-12T16:04:18Z" duration-ms="0" status="PASS">
          <reporter-output>
          </reporter-output>
        </test-method> <!-- afterTest -->
        <test-method is-config="true" signature="afterSuite()[pri:0, instance:saurabh.CashifyTest.LoginPageTest@3cc2931c]" started-at="2020-05-12T16:04:18Z" name="afterSuite" finished-at="2020-05-12T16:04:19Z" duration-ms="704" status="PASS">
          <reporter-output>
          </reporter-output>
        </test-method> <!-- afterSuite -->
      </class> <!-- saurabh.CashifyTest.LoginPageTest -->
    </test> <!-- CashifyLoginTest -->
  </suite> <!-- Suite -->
</testng-results>
