<?xml version="1.0" encoding="UTF-8"?>
<!-- Generated by org.testng.reporters.JUnitXMLReporter -->
<testsuite ignored="0" hostname="idea-PC" failures="0" tests="3" name="CashifyLoginTest" time="21.588" errors="0" timestamp="12 May 2020 16:04:18 GMT">
  <testcase classname="saurabh.CashifyTest.LoginPageTest" name="logingIntoApp" time="17.156"/>
  <testcase classname="saurabh.CashifyTest.LoginPageTest" name="DashboardClickItems" time="4.396"/>
  <testcase classname="saurabh.CashifyTest.LoginPageTest" name="CloseTheApp" time="0.001"/>
</testsuite> <!-- CashifyLoginTest -->
