<?xml version="1.0" encoding="UTF-8"?>
<!-- Generated by org.testng.reporters.JUnitXMLReporter -->
<testsuite hostname="idea-PC" ignored="0" name="Default test" tests="4" failures="1" timestamp="06 May 2020 15:57:24 GMT" time="1.127" errors="0">
  <testcase name="logingIntoApp" time="0.0" classname="saurabh.CashifyTest.LoginPageTest">
    <failure type="org.testng.TestNGException" message="
Parameter &amp;apos;emailId&amp;apos; is required by @Test on method logingIntoApp but has not been marked @Optional or defined
in C:\Users\lenovo\AppData\Local\Temp\testng-eclipse-1376311343\testng-customsuite.xml">
      <![CDATA[org.testng.TestNGException: 
Parameter 'emailId' is required by @Test on method logingIntoApp but has not been marked @Optional or defined
in C:\Users\lenovo\AppData\Local\Temp\testng-eclipse-1376311343\testng-customsuite.xml
at org.testng.internal.Parameters.createParams(Parameters.java:290)
at org.testng.internal.Parameters.createParametersForMethod(Parameters.java:359)
at org.testng.internal.Parameters.createParameters(Parameters.java:620)
at org.testng.internal.Parameters.handleParameters(Parameters.java:769)
at org.testng.internal.ParameterHandler.handleParameters(ParameterHandler.java:49)
at org.testng.internal.ParameterHandler.createParameters(ParameterHandler.java:37)
at org.testng.internal.Invoker.invokeTestMethods(Invoker.java:924)
at org.testng.internal.TestMethodWorker.invokeTestMethods(TestMethodWorker.java:125)
at org.testng.internal.TestMethodWorker.run(TestMethodWorker.java:109)
at org.testng.TestRunner.privateRun(TestRunner.java:648)
at org.testng.TestRunner.run(TestRunner.java:505)
at org.testng.SuiteRunner.runTest(SuiteRunner.java:455)
at org.testng.SuiteRunner.runSequentially(SuiteRunner.java:450)
at org.testng.SuiteRunner.privateRun(SuiteRunner.java:415)
at org.testng.SuiteRunner.run(SuiteRunner.java:364)
at org.testng.SuiteRunnerWorker.runSuite(SuiteRunnerWorker.java:52)
at org.testng.SuiteRunnerWorker.run(SuiteRunnerWorker.java:84)
at org.testng.TestNG.runSuitesSequentially(TestNG.java:1208)
at org.testng.TestNG.runSuitesLocally(TestNG.java:1137)
at org.testng.TestNG.runSuites(TestNG.java:1049)
at org.testng.TestNG.run(TestNG.java:1017)
at org.testng.remote.AbstractRemoteTestNG.run(AbstractRemoteTestNG.java:115)
at org.testng.remote.RemoteTestNG.initAndRun(RemoteTestNG.java:251)
at org.testng.remote.RemoteTestNG.main(RemoteTestNG.java:77)
]]>
    </failure>
  </testcase> <!-- logingIntoApp -->
  <testcase name="f" time="0.047" classname="saurabh.CashifyTest.NewTestClass"/>
  <testcase name="DashboardClickItems" time="0.0" classname="saurabh.CashifyTest.LoginPageTest">
    <skipped/>
  </testcase> <!-- DashboardClickItems -->
  <testcase name="CloseTheApp" time="0.0" classname="saurabh.CashifyTest.LoginPageTest">
    <skipped/>
  </testcase> <!-- CloseTheApp -->
</testsuite> <!-- Default test -->
